2022-01-10 13:40:40.666 [main] INFO  com.bmts.heating.web.scada.app.ScadaApplication - Starting ScadaApplication on DESKTOP-MAGQN00 with PID 18560 (M:\Code\Company_Project\JinCheng_platform\hnt-web-modules\hnt-web-scada\target\classes started by å›è«ç¬‘ in M:\Code\Company_Project\JinCheng_platform)
2022-01-10 13:40:40.669 [main] INFO  com.bmts.heating.web.scada.app.ScadaApplication - The following profiles are active: prod
2022-01-10 13:40:41.909 [main] WARN  org.mybatis.spring.mapper.ClassPathMapperScanner - No MyBatis mapper was found in '[com.bmts.heating.web.scada.app]' package. Please check your configuration.
2022-01-10 13:40:42.494 [main] INFO  org.springframework.boot.web.embedded.tomcat.TomcatWebServer - Tomcat initialized with port(s): 7171 (http)
2022-01-10 13:40:42.504 [main] INFO  org.apache.coyote.http11.Http11NioProtocol - Initializing ProtocolHandler ["http-nio-7171"]
2022-01-10 13:40:42.505 [main] INFO  org.apache.catalina.core.StandardService - Starting service [Tomcat]
2022-01-10 13:40:42.505 [main] INFO  org.apache.catalina.core.StandardEngine - Starting Servlet engine: [Apache Tomcat/9.0.35]
2022-01-10 13:40:42.602 [main] INFO  org.apache.catalina.core.ContainerBase.[Tomcat].[localhost].[/] - Initializing Spring embedded WebApplicationContext
2022-01-10 13:40:42.602 [main] INFO  org.springframework.web.context.ContextLoader - Root WebApplicationContext: initialization completed in 1889 ms
2022-01-10 13:40:42.964 [main] INFO  org.quartz.impl.StdSchedulerFactory - Using default implementation for ThreadExecutor
2022-01-10 13:40:42.973 [main] INFO  org.quartz.core.SchedulerSignalerImpl - Initialized Scheduler Signaller of type: class org.quartz.core.SchedulerSignalerImpl
2022-01-10 13:40:42.973 [main] INFO  org.quartz.core.QuartzScheduler - Quartz Scheduler v.2.3.2 created.
2022-01-10 13:40:42.974 [main] INFO  org.quartz.simpl.RAMJobStore - RAMJobStore initialized.
2022-01-10 13:40:42.974 [main] INFO  org.quartz.core.QuartzScheduler - Scheduler meta-data: Quartz Scheduler (v2.3.2) 'DefaultQuartzScheduler' with instanceId 'NON_CLUSTERED'
  Scheduler class: 'org.quartz.core.QuartzScheduler' - running locally.
  NOT STARTED.
  Currently in standby mode.
  Number of jobs executed: 0
  Using thread pool 'org.quartz.simpl.SimpleThreadPool' - with 10 threads.
  Using job-store 'org.quartz.simpl.RAMJobStore' - which does not support persistence. and is not clustered.

2022-01-10 13:40:42.974 [main] INFO  org.quartz.impl.StdSchedulerFactory - Quartz scheduler 'DefaultQuartzScheduler' initialized from an externally provided properties instance.
2022-01-10 13:40:42.975 [main] INFO  org.quartz.impl.StdSchedulerFactory - Quartz scheduler version: 2.3.2
2022-01-10 13:40:42.975 [main] INFO  org.quartz.core.QuartzScheduler - JobFactory set to: com.bmts.heating.commons.container.quartz.config.QuartzJobFactory@47c5cbf2
2022-01-10 13:40:43.035 [main] INFO  com.bmts.heating.distribution.modle.ConsulModel - æ£€æµ‹consuldé›†ç¾¤ç½‘ç»œçŠ¶æ€.............
2022-01-10 13:40:43.565 [main] INFO  springfox.documentation.spring.web.PropertySourcedRequestMappingHandlerMapping - Mapped URL path [/v2/api-docs] onto method [springfox.documentation.swagger2.web.Swagger2Controller#getDocumentation(String, HttpServletRequest)]
2022-01-10 13:40:43.623 [main] INFO  org.apache.kafka.clients.admin.AdminClientConfig - AdminClientConfig values: 
	bootstrap.servers = [server1:9092, server2:9092, server3:9092]
	client.dns.lookup = default
	client.id = 
	connections.max.idle.ms = 300000
	default.api.timeout.ms = 60000
	metadata.max.age.ms = 300000
	metric.reporters = []
	metrics.num.samples = 2
	metrics.recording.level = INFO
	metrics.sample.window.ms = 30000
	receive.buffer.bytes = 65536
	reconnect.backoff.max.ms = 1000
	reconnect.backoff.ms = 50
	request.timeout.ms = 30000
	retries = 2147483647
	retry.backoff.ms = 100
	sasl.client.callback.handler.class = null
	sasl.jaas.config = null
	sasl.kerberos.kinit.cmd = /usr/bin/kinit
	sasl.kerberos.min.time.before.relogin = 60000
	sasl.kerberos.service.name = null
	sasl.kerberos.ticket.renew.jitter = 0.05
	sasl.kerberos.ticket.renew.window.factor = 0.8
	sasl.login.callback.handler.class = null
	sasl.login.class = null
	sasl.login.refresh.buffer.seconds = 300
	sasl.login.refresh.min.period.seconds = 60
	sasl.login.refresh.window.factor = 0.8
	sasl.login.refresh.window.jitter = 0.05
	sasl.mechanism = GSSAPI
	security.protocol = PLAINTEXT
	security.providers = null
	send.buffer.bytes = 131072
	ssl.cipher.suites = null
	ssl.enabled.protocols = [TLSv1.2]
	ssl.endpoint.identification.algorithm = https
	ssl.key.password = null
	ssl.keymanager.algorithm = SunX509
	ssl.keystore.location = null
	ssl.keystore.password = null
	ssl.keystore.type = JKS
	ssl.protocol = TLSv1.2
	ssl.provider = null
	ssl.secure.random.implementation = null
	ssl.trustmanager.algorithm = PKIX
	ssl.truststore.location = null
	ssl.truststore.password = null
	ssl.truststore.type = JKS

2022-01-10 13:40:43.659 [main] INFO  org.apache.kafka.common.utils.AppInfoParser - Kafka version: 2.5.0
2022-01-10 13:40:43.660 [main] INFO  org.apache.kafka.common.utils.AppInfoParser - Kafka commitId: 66563e712b0b9f84
2022-01-10 13:40:43.660 [main] INFO  org.apache.kafka.common.utils.AppInfoParser - Kafka startTimeMs: 1641793243658
2022-01-10 13:40:43.678 [main] INFO  com.bmts.heating.commons.mq.kafka.config.KafkaConsumerExecutorConfig - start asyncKafkaConsumerExecutor.........
2022-01-10 13:40:43.678 [main] INFO  org.springframework.scheduling.concurrent.ThreadPoolTaskExecutor - Initializing ExecutorService
2022-01-10 13:40:43.679 [main] INFO  org.springframework.scheduling.concurrent.ThreadPoolTaskExecutor - Initializing ExecutorService 'kafka-consumer'
2022-01-10 13:40:43.683 [main] INFO  com.bmts.heating.commons.mq.kafka.config.KafkaProduceExecutorConfig - start asyncKafkaProduceExecutor.........
2022-01-10 13:40:43.684 [main] INFO  org.springframework.scheduling.concurrent.ThreadPoolTaskExecutor - Initializing ExecutorService
2022-01-10 13:40:43.684 [main] INFO  org.springframework.scheduling.concurrent.ThreadPoolTaskExecutor - Initializing ExecutorService 'kafka-produce'
2022-01-10 13:40:43.687 [main] INFO  org.springframework.scheduling.concurrent.ThreadPoolTaskExecutor - Initializing ExecutorService
2022-01-10 13:40:43.687 [main] INFO  org.springframework.scheduling.concurrent.ThreadPoolTaskExecutor - Initializing ExecutorService 'async-token'
2022-01-10 13:40:44.831 [main] INFO  org.springframework.boot.autoconfigure.security.servlet.UserDetailsServiceAutoConfiguration - 

Using generated security password: 5765b580-4bf5-4796-83e7-a817c991e15a

2022-01-10 13:40:44.924 [main] INFO  org.springframework.security.web.DefaultSecurityFilterChain - Creating filter chain: any request, [org.springframework.security.web.context.request.async.WebAsyncManagerIntegrationFilter@53b9952f, org.springframework.security.web.context.SecurityContextPersistenceFilter@1728d307, org.springframework.security.web.header.HeaderWriterFilter@5d24703e, org.springframework.security.web.authentication.logout.LogoutFilter@744199bb, org.springframework.security.web.savedrequest.RequestCacheAwareFilter@3f0b5619, org.springframework.security.web.servletapi.SecurityContextHolderAwareRequestFilter@5ca006ac, org.springframework.security.web.authentication.AnonymousAuthenticationFilter@7bdddfa4, org.springframework.security.web.session.SessionManagementFilter@729d1428, org.springframework.security.web.access.ExceptionTranslationFilter@7878459f, org.springframework.security.web.access.intercept.FilterSecurityInterceptor@748fa354]
2022-01-10 13:40:44.962 [main] INFO  org.apache.coyote.http11.Http11NioProtocol - Starting ProtocolHandler ["http-nio-7171"]
2022-01-10 13:40:44.978 [main] INFO  org.springframework.boot.web.embedded.tomcat.TomcatWebServer - Tomcat started on port(s): 7171 (http) with context path ''
2022-01-10 13:40:44.979 [main] INFO  springfox.documentation.spring.web.plugins.DocumentationPluginsBootstrapper - Context refreshed
2022-01-10 13:40:44.998 [main] INFO  springfox.documentation.spring.web.plugins.DocumentationPluginsBootstrapper - Found 1 custom documentation plugin(s)
2022-01-10 13:40:44.999 [main] INFO  springfox.documentation.spring.web.plugins.DocumentationPluginsBootstrapper - Skipping initializing disabled plugin bean swagger v2.0
2022-01-10 13:40:44.999 [main] INFO  org.springframework.scheduling.quartz.SchedulerFactoryBean - Starting Quartz Scheduler now
2022-01-10 13:40:44.999 [main] INFO  org.quartz.core.QuartzScheduler - Scheduler DefaultQuartzScheduler_$_NON_CLUSTERED started.
2022-01-10 13:40:45.005 [main] INFO  com.bmts.heating.commons.container.performance.handler.LocalTokenCache - æ³¨å†Œè¿œç¨‹ä»¤ç‰Œçš„æœ¬åœ°ç¼“å­˜...............
2022-01-10 13:40:45.007 [main] INFO  com.bmts.heating.commons.container.performance.handler.LocalTokenCache - [1;34m æ³¨å†ŒæœåŠ¡:bussiness_baseInfomationæœ¬åœ°ä»¤ç‰Œç¼“å­˜............. [0m
2022-01-10 13:40:45.102 [main] INFO  com.bmts.heating.commons.container.performance.handler.LocalTokenCache - [1;34m æ³¨å†ŒæœåŠ¡:gather_searchæœ¬åœ°ä»¤ç‰Œç¼“å­˜............. [0m
2022-01-10 13:40:45.132 [main] INFO  com.bmts.heating.web.scada.app.ScadaApplication - Started ScadaApplication in 4.892 seconds (JVM running for 6.73)
2022-01-10 13:40:45.957 [nioEventLoopGroup-2-1] INFO  com.bmts.heating.commons.heartbeat.adapter.handler.HeartServer - [31;4m è¿æ¥æœåŠ¡æ²»ç†ä¸­å¿ƒæˆåŠŸ [0m
2022-01-10 13:40:46.004 [nioEventLoopGroup-2-1] INFO  com.bmts.heating.commons.heartbeat.adapter.handler.web.HeartBeatWebClientHandler - registry application server success!
2022-01-10 13:43:27.865 [http-nio-7171-exec-1] INFO  org.apache.catalina.core.ContainerBase.[Tomcat].[localhost].[/] - Initializing Spring DispatcherServlet 'dispatcherServlet'
2022-01-10 13:43:27.865 [http-nio-7171-exec-1] INFO  org.springframework.web.servlet.DispatcherServlet - Initializing Servlet 'dispatcherServlet'
2022-01-10 13:43:27.873 [http-nio-7171-exec-1] INFO  org.springframework.web.servlet.DispatcherServlet - Completed initialization in 8 ms
2022-01-10 14:08:12.880 [nioEventLoopGroup-2-1] WARN  com.bmts.heating.commons.container.performance.handler.LocalTokenCache - [1;36m æœ¬åœ°ç¼“å­˜ä»¤ç‰Œgather_search:gatherSearch5å¤±æ•ˆ,ç§»é™¤token.................... [0m
2022-01-10 14:08:12.881 [nioEventLoopGroup-2-1] WARN  com.bmts.heating.commons.container.performance.handler.LocalTokenCache - [1;36m æœ¬åœ°ç¼“å­˜ä»¤ç‰Œgather_search:gatherSearch5å¤±æ•ˆ,ç§»é™¤token.................... [0m
2022-01-10 14:08:12.881 [nioEventLoopGroup-2-1] WARN  com.bmts.heating.commons.container.performance.handler.LocalTokenCache - [1;36m æœ¬åœ°ç¼“å­˜ä»¤ç‰Œgather_search:gatherSearch5å¤±æ•ˆ,ç§»é™¤token.................... [0m
2022-01-10 14:08:12.881 [nioEventLoopGroup-2-1] WARN  com.bmts.heating.commons.container.performance.handler.LocalTokenCache - [1;36m æœ¬åœ°ç¼“å­˜ä»¤ç‰Œgather_search:gatherSearch5å¤±æ•ˆ,ç§»é™¤token.................... [0m
2022-01-10 14:08:12.882 [nioEventLoopGroup-2-1] WARN  com.bmts.heating.commons.container.performance.handler.LocalTokenCache - [1;36m æœ¬åœ°ç¼“å­˜ä»¤ç‰Œgather_search:gatherSearch5å¤±æ•ˆ,ç§»é™¤token.................... [0m
2022-01-10 14:08:12.882 [nioEventLoopGroup-2-1] WARN  com.bmts.heating.commons.container.performance.handler.LocalTokenCache - [1;36m æœ¬åœ°ç¼“å­˜ä»¤ç‰Œgather_search:gatherSearch5å¤±æ•ˆ,ç§»é™¤token.................... [0m
2022-01-10 14:08:12.882 [nioEventLoopGroup-2-1] WARN  com.bmts.heating.commons.container.performance.handler.LocalTokenCache - [1;36m æœ¬åœ°ç¼“å­˜ä»¤ç‰Œgather_search:gatherSearch5å¤±æ•ˆ,ç§»é™¤token.................... [0m
2022-01-10 14:08:12.882 [nioEventLoopGroup-2-1] WARN  com.bmts.heating.commons.container.performance.handler.LocalTokenCache - [1;36m æœ¬åœ°ç¼“å­˜ä»¤ç‰Œgather_search:gatherSearch5å¤±æ•ˆ,ç§»é™¤token.................... [0m
2022-01-10 14:08:12.882 [nioEventLoopGroup-2-1] WARN  com.bmts.heating.commons.container.performance.handler.LocalTokenCache - [1;36m æœ¬åœ°ç¼“å­˜ä»¤ç‰Œgather_search:gatherSearch5å¤±æ•ˆ,ç§»é™¤token.................... [0m
2022-01-10 14:08:12.882 [nioEventLoopGroup-2-1] WARN  com.bmts.heating.commons.container.performance.handler.LocalTokenCache - [1;36m æœ¬åœ°ç¼“å­˜ä»¤ç‰Œgather_search:gatherSearch5å¤±æ•ˆ,ç§»é™¤token.................... [0m
2022-01-10 14:08:12.882 [nioEventLoopGroup-2-1] WARN  com.bmts.heating.commons.container.performance.handler.LocalTokenCache - [1;36m æœ¬åœ°ç¼“å­˜ä»¤ç‰Œgather_search:gatherSearch5å¤±æ•ˆ,ç§»é™¤token.................... [0m
2022-01-10 14:08:12.882 [nioEventLoopGroup-2-1] WARN  com.bmts.heating.commons.container.performance.handler.LocalTokenCache - [1;36m æœ¬åœ°ç¼“å­˜ä»¤ç‰Œgather_search:gatherSearch5å¤±æ•ˆ,ç§»é™¤token.................... [0m
2022-01-10 14:08:12.882 [nioEventLoopGroup-2-1] WARN  com.bmts.heating.commons.container.performance.handler.LocalTokenCache - [1;36m æœ¬åœ°ç¼“å­˜ä»¤ç‰Œgather_search:gatherSearch5å¤±æ•ˆ,ç§»é™¤token.................... [0m
2022-01-10 14:08:12.882 [nioEventLoopGroup-2-1] WARN  com.bmts.heating.commons.container.performance.handler.LocalTokenCache - [1;36m æœ¬åœ°ç¼“å­˜ä»¤ç‰Œgather_search:gatherSearch5å¤±æ•ˆ,ç§»é™¤token.................... [0m
2022-01-10 14:08:12.882 [nioEventLoopGroup-2-1] WARN  com.bmts.heating.commons.container.performance.handler.LocalTokenCache - [1;36m æœ¬åœ°ç¼“å­˜ä»¤ç‰Œgather_search:gatherSearch5å¤±æ•ˆ,ç§»é™¤token.................... [0m
2022-01-10 14:08:12.882 [nioEventLoopGroup-2-1] WARN  com.bmts.heating.commons.container.performance.handler.LocalTokenCache - [1;36m æœ¬åœ°ç¼“å­˜ä»¤ç‰Œgather_search:gatherSearch5å¤±æ•ˆ,ç§»é™¤token.................... [0m
2022-01-10 14:08:12.882 [nioEventLoopGroup-2-1] WARN  com.bmts.heating.commons.container.performance.handler.LocalTokenCache - [1;36m æœ¬åœ°ç¼“å­˜ä»¤ç‰Œgather_search:gatherSearch5å¤±æ•ˆ,ç§»é™¤token.................... [0m
2022-01-10 14:08:12.882 [nioEventLoopGroup-2-1] WARN  com.bmts.heating.commons.container.performance.handler.LocalTokenCache - [1;36m æœ¬åœ°ç¼“å­˜ä»¤ç‰Œgather_search:gatherSearch5å¤±æ•ˆ,ç§»é™¤token.................... [0m
2022-01-10 14:08:12.882 [nioEventLoopGroup-2-1] WARN  com.bmts.heating.commons.container.performance.handler.LocalTokenCache - [1;36m æœ¬åœ°ç¼“å­˜ä»¤ç‰Œgather_search:gatherSearch5å¤±æ•ˆ,ç§»é™¤token.................... [0m
2022-01-10 14:08:12.882 [nioEventLoopGroup-2-1] WARN  com.bmts.heating.commons.container.performance.handler.LocalTokenCache - [1;36m æœ¬åœ°ç¼“å­˜ä»¤ç‰Œgather_search:gatherSearch5å¤±æ•ˆ,ç§»é™¤token.................... [0m
2022-01-10 14:08:12.882 [nioEventLoopGroup-2-1] WARN  com.bmts.heating.commons.container.performance.handler.LocalTokenCache - [1;36m æœ¬åœ°ç¼“å­˜ä»¤ç‰Œgather_search:gatherSearch5å¤±æ•ˆ,ç§»é™¤token.................... [0m
2022-01-10 14:08:12.882 [nioEventLoopGroup-2-1] WARN  com.bmts.heating.commons.container.performance.handler.LocalTokenCache - [1;36m æœ¬åœ°ç¼“å­˜ä»¤ç‰Œgather_search:gatherSearch5å¤±æ•ˆ,ç§»é™¤token.................... [0m
2022-01-10 14:08:12.882 [nioEventLoopGroup-2-1] WARN  com.bmts.heating.commons.container.performance.handler.LocalTokenCache - [1;36m æœ¬åœ°ç¼“å­˜ä»¤ç‰Œgather_search:gatherSearch5å¤±æ•ˆ,ç§»é™¤token.................... [0m
2022-01-10 14:08:12.882 [nioEventLoopGroup-2-1] WARN  com.bmts.heating.commons.container.performance.handler.LocalTokenCache - [1;36m æœ¬åœ°ç¼“å­˜ä»¤ç‰Œgather_search:gatherSearch5å¤±æ•ˆ,ç§»é™¤token.................... [0m
2022-01-10 14:08:12.882 [nioEventLoopGroup-2-1] WARN  com.bmts.heating.commons.container.performance.handler.LocalTokenCache - [1;36m æœ¬åœ°ç¼“å­˜ä»¤ç‰Œgather_search:gatherSearch5å¤±æ•ˆ,ç§»é™¤token.................... [0m
2022-01-10 14:08:12.882 [nioEventLoopGroup-2-1] WARN  com.bmts.heating.commons.container.performance.handler.LocalTokenCache - [1;36m æœ¬åœ°ç¼“å­˜ä»¤ç‰Œgather_search:gatherSearch5å¤±æ•ˆ,ç§»é™¤token.................... [0m
2022-01-10 14:08:12.882 [nioEventLoopGroup-2-1] WARN  com.bmts.heating.commons.container.performance.handler.LocalTokenCache - [1;36m æœ¬åœ°ç¼“å­˜ä»¤ç‰Œgather_search:gatherSearch5å¤±æ•ˆ,ç§»é™¤token.................... [0m
2022-01-10 14:08:12.882 [nioEventLoopGroup-2-1] WARN  com.bmts.heating.commons.container.performance.handler.LocalTokenCache - [1;36m æœ¬åœ°ç¼“å­˜ä»¤ç‰Œgather_search:gatherSearch5å¤±æ•ˆ,ç§»é™¤token.................... [0m
2022-01-10 14:08:12.882 [nioEventLoopGroup-2-1] WARN  com.bmts.heating.commons.container.performance.handler.LocalTokenCache - [1;36m æœ¬åœ°ç¼“å­˜ä»¤ç‰Œgather_search:gatherSearch5å¤±æ•ˆ,ç§»é™¤token.................... [0m
2022-01-10 14:08:12.882 [nioEventLoopGroup-2-1] WARN  com.bmts.heating.commons.container.performance.handler.LocalTokenCache - [1;36m æœ¬åœ°ç¼“å­˜ä»¤ç‰Œgather_search:gatherSearch5å¤±æ•ˆ,ç§»é™¤token.................... [0m
2022-01-10 14:08:12.882 [nioEventLoopGroup-2-1] WARN  com.bmts.heating.commons.container.performance.handler.LocalTokenCache - [1;36m æœ¬åœ°ç¼“å­˜ä»¤ç‰Œgather_search:gatherSearch5å¤±æ•ˆ,ç§»é™¤token.................... [0m
2022-01-10 14:08:12.882 [nioEventLoopGroup-2-1] WARN  com.bmts.heating.commons.container.performance.handler.LocalTokenCache - [1;36m æœ¬åœ°ç¼“å­˜ä»¤ç‰Œgather_search:gatherSearch5å¤±æ•ˆ,ç§»é™¤token.................... [0m
2022-01-10 14:08:12.882 [nioEventLoopGroup-2-1] WARN  com.bmts.heating.commons.container.performance.handler.LocalTokenCache - [1;36m æœ¬åœ°ç¼“å­˜ä»¤ç‰Œgather_search:gatherSearch5å¤±æ•ˆ,ç§»é™¤token.................... [0m
2022-01-10 14:08:12.882 [nioEventLoopGroup-2-1] WARN  com.bmts.heating.commons.container.performance.handler.LocalTokenCache - [1;36m æœ¬åœ°ç¼“å­˜ä»¤ç‰Œgather_search:gatherSearch5å¤±æ•ˆ,ç§»é™¤token.................... [0m
2022-01-10 14:08:12.882 [nioEventLoopGroup-2-1] WARN  com.bmts.heating.commons.container.performance.handler.LocalTokenCache - [1;36m æœ¬åœ°ç¼“å­˜ä»¤ç‰Œgather_search:gatherSearch5å¤±æ•ˆ,ç§»é™¤token.................... [0m
2022-01-10 14:08:12.882 [nioEventLoopGroup-2-1] WARN  com.bmts.heating.commons.container.performance.handler.LocalTokenCache - [1;36m æœ¬åœ°ç¼“å­˜ä»¤ç‰Œgather_search:gatherSearch5å¤±æ•ˆ,ç§»é™¤token.................... [0m
2022-01-10 14:08:12.882 [nioEventLoopGroup-2-1] WARN  com.bmts.heating.commons.container.performance.handler.LocalTokenCache - [1;36m æœ¬åœ°ç¼“å­˜ä»¤ç‰Œgather_search:gatherSearch5å¤±æ•ˆ,ç§»é™¤token.................... [0m
2022-01-10 14:08:12.882 [nioEventLoopGroup-2-1] WARN  com.bmts.heating.commons.container.performance.handler.LocalTokenCache - [1;36m æœ¬åœ°ç¼“å­˜ä»¤ç‰Œgather_search:gatherSearch5å¤±æ•ˆ,ç§»é™¤token.................... [0m
2022-01-10 14:08:12.882 [nioEventLoopGroup-2-1] WARN  com.bmts.heating.commons.container.performance.handler.LocalTokenCache - [1;36m æœ¬åœ°ç¼“å­˜ä»¤ç‰Œgather_search:gatherSearch5å¤±æ•ˆ,ç§»é™¤token.................... [0m
2022-01-10 14:08:12.882 [nioEventLoopGroup-2-1] WARN  com.bmts.heating.commons.container.performance.handler.LocalTokenCache - [1;36m æœ¬åœ°ç¼“å­˜ä»¤ç‰Œgather_search:gatherSearch5å¤±æ•ˆ,ç§»é™¤token.................... [0m
2022-01-10 14:08:12.882 [nioEventLoopGroup-2-1] WARN  com.bmts.heating.commons.container.performance.handler.LocalTokenCache - [1;36m æœ¬åœ°ç¼“å­˜ä»¤ç‰Œgather_search:gatherSearch5å¤±æ•ˆ,ç§»é™¤token.................... [0m
2022-01-10 14:08:12.882 [nioEventLoopGroup-2-1] WARN  com.bmts.heating.commons.container.performance.handler.LocalTokenCache - [1;36m æœ¬åœ°ç¼“å­˜ä»¤ç‰Œgather_search:gatherSearch5å¤±æ•ˆ,ç§»é™¤token.................... [0m
2022-01-10 14:08:12.882 [nioEventLoopGroup-2-1] WARN  com.bmts.heating.commons.container.performance.handler.LocalTokenCache - [1;36m æœ¬åœ°ç¼“å­˜ä»¤ç‰Œgather_search:gatherSearch5å¤±æ•ˆ,ç§»é™¤token.................... [0m
2022-01-10 14:08:12.882 [nioEventLoopGroup-2-1] WARN  com.bmts.heating.commons.container.performance.handler.LocalTokenCache - [1;36m æœ¬åœ°ç¼“å­˜ä»¤ç‰Œgather_search:gatherSearch5å¤±æ•ˆ,ç§»é™¤token.................... [0m
2022-01-10 14:08:12.883 [nioEventLoopGroup-2-1] WARN  com.bmts.heating.commons.container.performance.handler.LocalTokenCache - [1;36m æœ¬åœ°ç¼“å­˜ä»¤ç‰Œgather_search:gatherSearch5å¤±æ•ˆ,ç§»é™¤token.................... [0m
2022-01-10 14:08:12.883 [nioEventLoopGroup-2-1] WARN  com.bmts.heating.commons.container.performance.handler.LocalTokenCache - [1;36m æœ¬åœ°ç¼“å­˜ä»¤ç‰Œgather_search:gatherSearch5å¤±æ•ˆ,ç§»é™¤token.................... [0m
2022-01-10 14:08:12.883 [nioEventLoopGroup-2-1] WARN  com.bmts.heating.commons.container.performance.handler.LocalTokenCache - [1;36m æœ¬åœ°ç¼“å­˜ä»¤ç‰Œgather_search:gatherSearch5å¤±æ•ˆ,ç§»é™¤token.................... [0m
2022-01-10 14:08:12.883 [nioEventLoopGroup-2-1] WARN  com.bmts.heating.commons.container.performance.handler.LocalTokenCache - [1;36m æœ¬åœ°ç¼“å­˜ä»¤ç‰Œgather_search:gatherSearch5å¤±æ•ˆ,ç§»é™¤token.................... [0m
2022-01-10 14:08:12.883 [nioEventLoopGroup-2-1] WARN  com.bmts.heating.commons.container.performance.handler.LocalTokenCache - [1;36m æœ¬åœ°ç¼“å­˜ä»¤ç‰Œgather_search:gatherSearch5å¤±æ•ˆ,ç§»é™¤token.................... [0m
2022-01-10 14:08:12.883 [nioEventLoopGroup-2-1] WARN  com.bmts.heating.commons.container.performance.handler.LocalTokenCache - [1;36m æœ¬åœ°ç¼“å­˜ä»¤ç‰Œgather_search:gatherSearch5å¤±æ•ˆ,ç§»é™¤token.................... [0m
2022-01-10 14:22:03.752 [nioEventLoopGroup-2-1] WARN  com.bmts.heating.commons.container.performance.handler.LocalTokenCache - [1;36m æœ¬åœ°ç¼“å­˜ä»¤ç‰Œbussiness_baseInfomation:baseInformation6å¤±æ•ˆ,ç§»é™¤token.................... [0m
2022-01-10 14:22:03.752 [nioEventLoopGroup-2-1] WARN  com.bmts.heating.commons.container.performance.handler.LocalTokenCache - [1;36m æœ¬åœ°ç¼“å­˜ä»¤ç‰Œbussiness_baseInfomation:baseInformation6å¤±æ•ˆ,ç§»é™¤token.................... [0m
2022-01-10 14:22:03.752 [nioEventLoopGroup-2-1] WARN  com.bmts.heating.commons.container.performance.handler.LocalTokenCache - [1;36m æœ¬åœ°ç¼“å­˜ä»¤ç‰Œbussiness_baseInfomation:baseInformation6å¤±æ•ˆ,ç§»é™¤token.................... [0m
2022-01-10 14:22:03.752 [nioEventLoopGroup-2-1] WARN  com.bmts.heating.commons.container.performance.handler.LocalTokenCache - [1;36m æœ¬åœ°ç¼“å­˜ä»¤ç‰Œbussiness_baseInfomation:baseInformation6å¤±æ•ˆ,ç§»é™¤token.................... [0m
2022-01-10 14:22:03.752 [nioEventLoopGroup-2-1] WARN  com.bmts.heating.commons.container.performance.handler.LocalTokenCache - [1;36m æœ¬åœ°ç¼“å­˜ä»¤ç‰Œbussiness_baseInfomation:baseInformation6å¤±æ•ˆ,ç§»é™¤token.................... [0m
2022-01-10 14:22:03.752 [nioEventLoopGroup-2-1] WARN  com.bmts.heating.commons.container.performance.handler.LocalTokenCache - [1;36m æœ¬åœ°ç¼“å­˜ä»¤ç‰Œbussiness_baseInfomation:baseInformation6å¤±æ•ˆ,ç§»é™¤token.................... [0m
2022-01-10 14:22:03.752 [nioEventLoopGroup-2-1] WARN  com.bmts.heating.commons.container.performance.handler.LocalTokenCache - [1;36m æœ¬åœ°ç¼“å­˜ä»¤ç‰Œbussiness_baseInfomation:baseInformation6å¤±æ•ˆ,ç§»é™¤token.................... [0m
2022-01-10 14:22:03.753 [nioEventLoopGroup-2-1] WARN  com.bmts.heating.commons.container.performance.handler.LocalTokenCache - [1;36m æœ¬åœ°ç¼“å­˜ä»¤ç‰Œbussiness_baseInfomation:baseInformation6å¤±æ•ˆ,ç§»é™¤token.................... [0m
2022-01-10 14:22:03.753 [nioEventLoopGroup-2-1] WARN  com.bmts.heating.commons.container.performance.handler.LocalTokenCache - [1;36m æœ¬åœ°ç¼“å­˜ä»¤ç‰Œbussiness_baseInfomation:baseInformation6å¤±æ•ˆ,ç§»é™¤token.................... [0m
2022-01-10 14:22:03.753 [nioEventLoopGroup-2-1] WARN  com.bmts.heating.commons.container.performance.handler.LocalTokenCache - [1;36m æœ¬åœ°ç¼“å­˜ä»¤ç‰Œbussiness_baseInfomation:baseInformation6å¤±æ•ˆ,ç§»é™¤token.................... [0m
2022-01-10 14:22:03.753 [nioEventLoopGroup-2-1] WARN  com.bmts.heating.commons.container.performance.handler.LocalTokenCache - [1;36m æœ¬åœ°ç¼“å­˜ä»¤ç‰Œbussiness_baseInfomation:baseInformation6å¤±æ•ˆ,ç§»é™¤token.................... [0m
2022-01-10 14:22:03.753 [nioEventLoopGroup-2-1] WARN  com.bmts.heating.commons.container.performance.handler.LocalTokenCache - [1;36m æœ¬åœ°ç¼“å­˜ä»¤ç‰Œbussiness_baseInfomation:baseInformation6å¤±æ•ˆ,ç§»é™¤token.................... [0m
2022-01-10 14:22:03.753 [nioEventLoopGroup-2-1] WARN  com.bmts.heating.commons.container.performance.handler.LocalTokenCache - [1;36m æœ¬åœ°ç¼“å­˜ä»¤ç‰Œbussiness_baseInfomation:baseInformation6å¤±æ•ˆ,ç§»é™¤token.................... [0m
2022-01-10 14:22:03.753 [nioEventLoopGroup-2-1] WARN  com.bmts.heating.commons.container.performance.handler.LocalTokenCache - [1;36m æœ¬åœ°ç¼“å­˜ä»¤ç‰Œbussiness_baseInfomation:baseInformation6å¤±æ•ˆ,ç§»é™¤token.................... [0m
2022-01-10 14:22:03.753 [nioEventLoopGroup-2-1] WARN  com.bmts.heating.commons.container.performance.handler.LocalTokenCache - [1;36m æœ¬åœ°ç¼“å­˜ä»¤ç‰Œbussiness_baseInfomation:baseInformation6å¤±æ•ˆ,ç§»é™¤token.................... [0m
2022-01-10 14:22:03.753 [nioEventLoopGroup-2-1] WARN  com.bmts.heating.commons.container.performance.handler.LocalTokenCache - [1;36m æœ¬åœ°ç¼“å­˜ä»¤ç‰Œbussiness_baseInfomation:baseInformation6å¤±æ•ˆ,ç§»é™¤token.................... [0m
2022-01-10 14:22:03.753 [nioEventLoopGroup-2-1] WARN  com.bmts.heating.commons.container.performance.handler.LocalTokenCache - [1;36m æœ¬åœ°ç¼“å­˜ä»¤ç‰Œbussiness_baseInfomation:baseInformation6å¤±æ•ˆ,ç§»é™¤token.................... [0m
2022-01-10 14:22:03.753 [nioEventLoopGroup-2-1] WARN  com.bmts.heating.commons.container.performance.handler.LocalTokenCache - [1;36m æœ¬åœ°ç¼“å­˜ä»¤ç‰Œbussiness_baseInfomation:baseInformation6å¤±æ•ˆ,ç§»é™¤token.................... [0m
2022-01-10 14:22:03.753 [nioEventLoopGroup-2-1] WARN  com.bmts.heating.commons.container.performance.handler.LocalTokenCache - [1;36m æœ¬åœ°ç¼“å­˜ä»¤ç‰Œbussiness_baseInfomation:baseInformation6å¤±æ•ˆ,ç§»é™¤token.................... [0m
2022-01-10 14:22:03.753 [nioEventLoopGroup-2-1] WARN  com.bmts.heating.commons.container.performance.handler.LocalTokenCache - [1;36m æœ¬åœ°ç¼“å­˜ä»¤ç‰Œbussiness_baseInfomation:baseInformation6å¤±æ•ˆ,ç§»é™¤token.................... [0m
2022-01-10 14:22:03.753 [nioEventLoopGroup-2-1] WARN  com.bmts.heating.commons.container.performance.handler.LocalTokenCache - [1;36m æœ¬åœ°ç¼“å­˜ä»¤ç‰Œbussiness_baseInfomation:baseInformation6å¤±æ•ˆ,ç§»é™¤token.................... [0m
2022-01-10 14:22:03.753 [nioEventLoopGroup-2-1] WARN  com.bmts.heating.commons.container.performance.handler.LocalTokenCache - [1;36m æœ¬åœ°ç¼“å­˜ä»¤ç‰Œbussiness_baseInfomation:baseInformation6å¤±æ•ˆ,ç§»é™¤token.................... [0m
2022-01-10 14:22:03.753 [nioEventLoopGroup-2-1] WARN  com.bmts.heating.commons.container.performance.handler.LocalTokenCache - [1;36m æœ¬åœ°ç¼“å­˜ä»¤ç‰Œbussiness_baseInfomation:baseInformation6å¤±æ•ˆ,ç§»é™¤token.................... [0m
2022-01-10 14:22:03.753 [nioEventLoopGroup-2-1] WARN  com.bmts.heating.commons.container.performance.handler.LocalTokenCache - [1;36m æœ¬åœ°ç¼“å­˜ä»¤ç‰Œbussiness_baseInfomation:baseInformation6å¤±æ•ˆ,ç§»é™¤token.................... [0m
2022-01-10 14:22:03.753 [nioEventLoopGroup-2-1] WARN  com.bmts.heating.commons.container.performance.handler.LocalTokenCache - [1;36m æœ¬åœ°ç¼“å­˜ä»¤ç‰Œbussiness_baseInfomation:baseInformation6å¤±æ•ˆ,ç§»é™¤token.................... [0m
2022-01-10 14:22:03.753 [nioEventLoopGroup-2-1] WARN  com.bmts.heating.commons.container.performance.handler.LocalTokenCache - [1;36m æœ¬åœ°ç¼“å­˜ä»¤ç‰Œbussiness_baseInfomation:baseInformation6å¤±æ•ˆ,ç§»é™¤token.................... [0m
2022-01-10 14:22:03.753 [nioEventLoopGroup-2-1] WARN  com.bmts.heating.commons.container.performance.handler.LocalTokenCache - [1;36m æœ¬åœ°ç¼“å­˜ä»¤ç‰Œbussiness_baseInfomation:baseInformation6å¤±æ•ˆ,ç§»é™¤token.................... [0m
2022-01-10 14:22:03.753 [nioEventLoopGroup-2-1] WARN  com.bmts.heating.commons.container.performance.handler.LocalTokenCache - [1;36m æœ¬åœ°ç¼“å­˜ä»¤ç‰Œbussiness_baseInfomation:baseInformation6å¤±æ•ˆ,ç§»é™¤token.................... [0m
2022-01-10 14:22:03.753 [nioEventLoopGroup-2-1] WARN  com.bmts.heating.commons.container.performance.handler.LocalTokenCache - [1;36m æœ¬åœ°ç¼“å­˜ä»¤ç‰Œbussiness_baseInfomation:baseInformation6å¤±æ•ˆ,ç§»é™¤token.................... [0m
2022-01-10 14:22:03.754 [nioEventLoopGroup-2-1] WARN  com.bmts.heating.commons.container.performance.handler.LocalTokenCache - [1;36m æœ¬åœ°ç¼“å­˜ä»¤ç‰Œbussiness_baseInfomation:baseInformation6å¤±æ•ˆ,ç§»é™¤token.................... [0m
2022-01-10 14:22:03.754 [nioEventLoopGroup-2-1] WARN  com.bmts.heating.commons.container.performance.handler.LocalTokenCache - [1;36m æœ¬åœ°ç¼“å­˜ä»¤ç‰Œbussiness_baseInfomation:baseInformation6å¤±æ•ˆ,ç§»é™¤token.................... [0m
2022-01-10 14:22:03.754 [nioEventLoopGroup-2-1] WARN  com.bmts.heating.commons.container.performance.handler.LocalTokenCache - [1;36m æœ¬åœ°ç¼“å­˜ä»¤ç‰Œbussiness_baseInfomation:baseInformation6å¤±æ•ˆ,ç§»é™¤token.................... [0m
2022-01-10 14:22:03.754 [nioEventLoopGroup-2-1] WARN  com.bmts.heating.commons.container.performance.handler.LocalTokenCache - [1;36m æœ¬åœ°ç¼“å­˜ä»¤ç‰Œbussiness_baseInfomation:baseInformation6å¤±æ•ˆ,ç§»é™¤token.................... [0m
2022-01-10 14:22:03.754 [nioEventLoopGroup-2-1] WARN  com.bmts.heating.commons.container.performance.handler.LocalTokenCache - [1;36m æœ¬åœ°ç¼“å­˜ä»¤ç‰Œbussiness_baseInfomation:baseInformation6å¤±æ•ˆ,ç§»é™¤token.................... [0m
2022-01-10 14:22:03.754 [nioEventLoopGroup-2-1] WARN  com.bmts.heating.commons.container.performance.handler.LocalTokenCache - [1;36m æœ¬åœ°ç¼“å­˜ä»¤ç‰Œbussiness_baseInfomation:baseInformation6å¤±æ•ˆ,ç§»é™¤token.................... [0m
2022-01-10 14:22:03.754 [nioEventLoopGroup-2-1] WARN  com.bmts.heating.commons.container.performance.handler.LocalTokenCache - [1;36m æœ¬åœ°ç¼“å­˜ä»¤ç‰Œbussiness_baseInfomation:baseInformation6å¤±æ•ˆ,ç§»é™¤token.................... [0m
2022-01-10 14:22:03.754 [nioEventLoopGroup-2-1] WARN  com.bmts.heating.commons.container.performance.handler.LocalTokenCache - [1;36m æœ¬åœ°ç¼“å­˜ä»¤ç‰Œbussiness_baseInfomation:baseInformation6å¤±æ•ˆ,ç§»é™¤token.................... [0m
2022-01-10 14:22:03.754 [nioEventLoopGroup-2-1] WARN  com.bmts.heating.commons.container.performance.handler.LocalTokenCache - [1;36m æœ¬åœ°ç¼“å­˜ä»¤ç‰Œbussiness_baseInfomation:baseInformation6å¤±æ•ˆ,ç§»é™¤token.................... [0m
2022-01-10 14:22:03.754 [nioEventLoopGroup-2-1] WARN  com.bmts.heating.commons.container.performance.handler.LocalTokenCache - [1;36m æœ¬åœ°ç¼“å­˜ä»¤ç‰Œbussiness_baseInfomation:baseInformation6å¤±æ•ˆ,ç§»é™¤token.................... [0m
2022-01-10 14:22:03.754 [nioEventLoopGroup-2-1] WARN  com.bmts.heating.commons.container.performance.handler.LocalTokenCache - [1;36m æœ¬åœ°ç¼“å­˜ä»¤ç‰Œbussiness_baseInfomation:baseInformation6å¤±æ•ˆ,ç§»é™¤token.................... [0m
2022-01-10 14:22:03.754 [nioEventLoopGroup-2-1] WARN  com.bmts.heating.commons.container.performance.handler.LocalTokenCache - [1;36m æœ¬åœ°ç¼“å­˜ä»¤ç‰Œbussiness_baseInfomation:baseInformation6å¤±æ•ˆ,ç§»é™¤token.................... [0m
2022-01-10 14:22:03.754 [nioEventLoopGroup-2-1] WARN  com.bmts.heating.commons.container.performance.handler.LocalTokenCache - [1;36m æœ¬åœ°ç¼“å­˜ä»¤ç‰Œbussiness_baseInfomation:baseInformation6å¤±æ•ˆ,ç§»é™¤token.................... [0m
2022-01-10 14:22:03.754 [nioEventLoopGroup-2-1] WARN  com.bmts.heating.commons.container.performance.handler.LocalTokenCache - [1;36m æœ¬åœ°ç¼“å­˜ä»¤ç‰Œbussiness_baseInfomation:baseInformation6å¤±æ•ˆ,ç§»é™¤token.................... [0m
2022-01-10 14:22:03.754 [nioEventLoopGroup-2-1] WARN  com.bmts.heating.commons.container.performance.handler.LocalTokenCache - [1;36m æœ¬åœ°ç¼“å­˜ä»¤ç‰Œbussiness_baseInfomation:baseInformation6å¤±æ•ˆ,ç§»é™¤token.................... [0m
2022-01-10 14:22:03.754 [nioEventLoopGroup-2-1] WARN  com.bmts.heating.commons.container.performance.handler.LocalTokenCache - [1;36m æœ¬åœ°ç¼“å­˜ä»¤ç‰Œbussiness_baseInfomation:baseInformation6å¤±æ•ˆ,ç§»é™¤token.................... [0m
2022-01-10 14:22:03.754 [nioEventLoopGroup-2-1] WARN  com.bmts.heating.commons.container.performance.handler.LocalTokenCache - [1;36m æœ¬åœ°ç¼“å­˜ä»¤ç‰Œbussiness_baseInfomation:baseInformation6å¤±æ•ˆ,ç§»é™¤token.................... [0m
2022-01-10 14:22:03.754 [nioEventLoopGroup-2-1] WARN  com.bmts.heating.commons.container.performance.handler.LocalTokenCache - [1;36m æœ¬åœ°ç¼“å­˜ä»¤ç‰Œbussiness_baseInfomation:baseInformation6å¤±æ•ˆ,ç§»é™¤token.................... [0m
2022-01-10 14:22:03.754 [nioEventLoopGroup-2-1] WARN  com.bmts.heating.commons.container.performance.handler.LocalTokenCache - [1;36m æœ¬åœ°ç¼“å­˜ä»¤ç‰Œbussiness_baseInfomation:baseInformation6å¤±æ•ˆ,ç§»é™¤token.................... [0m
2022-01-10 14:22:03.754 [nioEventLoopGroup-2-1] WARN  com.bmts.heating.commons.container.performance.handler.LocalTokenCache - [1;36m æœ¬åœ°ç¼“å­˜ä»¤ç‰Œbussiness_baseInfomation:baseInformation6å¤±æ•ˆ,ç§»é™¤token.................... [0m
2022-01-10 14:23:21.473 [SpringContextShutdownHook] INFO  org.quartz.core.QuartzScheduler - Scheduler DefaultQuartzScheduler_$_NON_CLUSTERED paused.
2022-01-10 14:23:21.898 [SpringContextShutdownHook] INFO  org.springframework.scheduling.concurrent.ThreadPoolTaskExecutor - Shutting down ExecutorService 'async-token'
2022-01-10 14:23:21.899 [SpringContextShutdownHook] INFO  org.springframework.scheduling.concurrent.ThreadPoolTaskExecutor - Shutting down ExecutorService 'kafka-produce'
2022-01-10 14:23:21.899 [SpringContextShutdownHook] INFO  org.springframework.scheduling.concurrent.ThreadPoolTaskExecutor - Shutting down ExecutorService 'kafka-consumer'
2022-01-10 14:23:21.900 [SpringContextShutdownHook] INFO  org.springframework.scheduling.quartz.SchedulerFactoryBean - Shutting down Quartz Scheduler
2022-01-10 14:23:21.900 [SpringContextShutdownHook] INFO  org.quartz.core.QuartzScheduler - Scheduler DefaultQuartzScheduler_$_NON_CLUSTERED shutting down.
2022-01-10 14:23:21.900 [SpringContextShutdownHook] INFO  org.quartz.core.QuartzScheduler - Scheduler DefaultQuartzScheduler_$_NON_CLUSTERED paused.
2022-01-10 14:23:21.901 [SpringContextShutdownHook] INFO  org.quartz.core.QuartzScheduler - Scheduler DefaultQuartzScheduler_$_NON_CLUSTERED shutdown complete.
2022-01-10 14:23:27.307 [main] INFO  com.bmts.heating.web.scada.app.ScadaApplication - Starting ScadaApplication on DESKTOP-MAGQN00 with PID 20020 (M:\Code\Company_Project\JinCheng_platform\hnt-web-modules\hnt-web-scada\target\classes started by å›è«ç¬‘ in M:\Code\Company_Project\JinCheng_platform)
2022-01-10 14:23:27.310 [main] INFO  com.bmts.heating.web.scada.app.ScadaApplication - The following profiles are active: prod
2022-01-10 14:23:28.671 [main] WARN  org.mybatis.spring.mapper.ClassPathMapperScanner - No MyBatis mapper was found in '[com.bmts.heating.web.scada.app]' package. Please check your configuration.
2022-01-10 14:23:29.346 [main] INFO  org.springframework.boot.web.embedded.tomcat.TomcatWebServer - Tomcat initialized with port(s): 7171 (http)
2022-01-10 14:23:29.357 [main] INFO  org.apache.coyote.http11.Http11NioProtocol - Initializing ProtocolHandler ["http-nio-7171"]
2022-01-10 14:23:29.357 [main] INFO  org.apache.catalina.core.StandardService - Starting service [Tomcat]
2022-01-10 14:23:29.358 [main] INFO  org.apache.catalina.core.StandardEngine - Starting Servlet engine: [Apache Tomcat/9.0.35]
2022-01-10 14:23:29.463 [main] INFO  org.apache.catalina.core.ContainerBase.[Tomcat].[localhost].[/] - Initializing Spring embedded WebApplicationContext
2022-01-10 14:23:29.464 [main] INFO  org.springframework.web.context.ContextLoader - Root WebApplicationContext: initialization completed in 2099 ms
2022-01-10 14:23:29.833 [main] INFO  org.quartz.impl.StdSchedulerFactory - Using default implementation for ThreadExecutor
2022-01-10 14:23:29.841 [main] INFO  org.quartz.core.SchedulerSignalerImpl - Initialized Scheduler Signaller of type: class org.quartz.core.SchedulerSignalerImpl
2022-01-10 14:23:29.842 [main] INFO  org.quartz.core.QuartzScheduler - Quartz Scheduler v.2.3.2 created.
2022-01-10 14:23:29.842 [main] INFO  org.quartz.simpl.RAMJobStore - RAMJobStore initialized.
2022-01-10 14:23:29.843 [main] INFO  org.quartz.core.QuartzScheduler - Scheduler meta-data: Quartz Scheduler (v2.3.2) 'DefaultQuartzScheduler' with instanceId 'NON_CLUSTERED'
  Scheduler class: 'org.quartz.core.QuartzScheduler' - running locally.
  NOT STARTED.
  Currently in standby mode.
  Number of jobs executed: 0
  Using thread pool 'org.quartz.simpl.SimpleThreadPool' - with 10 threads.
  Using job-store 'org.quartz.simpl.RAMJobStore' - which does not support persistence. and is not clustered.

2022-01-10 14:23:29.843 [main] INFO  org.quartz.impl.StdSchedulerFactory - Quartz scheduler 'DefaultQuartzScheduler' initialized from an externally provided properties instance.
2022-01-10 14:23:29.843 [main] INFO  org.quartz.impl.StdSchedulerFactory - Quartz scheduler version: 2.3.2
2022-01-10 14:23:29.843 [main] INFO  org.quartz.core.QuartzScheduler - JobFactory set to: com.bmts.heating.commons.container.quartz.config.QuartzJobFactory@7dd7ec56
2022-01-10 14:23:29.903 [main] INFO  com.bmts.heating.distribution.modle.ConsulModel - æ£€æµ‹consuldé›†ç¾¤ç½‘ç»œçŠ¶æ€.............
2022-01-10 14:23:30.454 [main] INFO  springfox.documentation.spring.web.PropertySourcedRequestMappingHandlerMapping - Mapped URL path [/v2/api-docs] onto method [springfox.documentation.swagger2.web.Swagger2Controller#getDocumentation(String, HttpServletRequest)]
2022-01-10 14:23:30.515 [main] INFO  org.apache.kafka.clients.admin.AdminClientConfig - AdminClientConfig values: 
	bootstrap.servers = [server1:9092, server2:9092, server3:9092]
	client.dns.lookup = default
	client.id = 
	connections.max.idle.ms = 300000
	default.api.timeout.ms = 60000
	metadata.max.age.ms = 300000
	metric.reporters = []
	metrics.num.samples = 2
	metrics.recording.level = INFO
	metrics.sample.window.ms = 30000
	receive.buffer.bytes = 65536
	reconnect.backoff.max.ms = 1000
	reconnect.backoff.ms = 50
	request.timeout.ms = 30000
	retries = 2147483647
	retry.backoff.ms = 100
	sasl.client.callback.handler.class = null
	sasl.jaas.config = null
	sasl.kerberos.kinit.cmd = /usr/bin/kinit
	sasl.kerberos.min.time.before.relogin = 60000
	sasl.kerberos.service.name = null
	sasl.kerberos.ticket.renew.jitter = 0.05
	sasl.kerberos.ticket.renew.window.factor = 0.8
	sasl.login.callback.handler.class = null
	sasl.login.class = null
	sasl.login.refresh.buffer.seconds = 300
	sasl.login.refresh.min.period.seconds = 60
	sasl.login.refresh.window.factor = 0.8
	sasl.login.refresh.window.jitter = 0.05
	sasl.mechanism = GSSAPI
	security.protocol = PLAINTEXT
	security.providers = null
	send.buffer.bytes = 131072
	ssl.cipher.suites = null
	ssl.enabled.protocols = [TLSv1.2]
	ssl.endpoint.identification.algorithm = https
	ssl.key.password = null
	ssl.keymanager.algorithm = SunX509
	ssl.keystore.location = null
	ssl.keystore.password = null
	ssl.keystore.type = JKS
	ssl.protocol = TLSv1.2
	ssl.provider = null
	ssl.secure.random.implementation = null
	ssl.trustmanager.algorithm = PKIX
	ssl.truststore.location = null
	ssl.truststore.password = null
	ssl.truststore.type = JKS

2022-01-10 14:23:30.551 [main] INFO  org.apache.kafka.common.utils.AppInfoParser - Kafka version: 2.5.0
2022-01-10 14:23:30.552 [main] INFO  org.apache.kafka.common.utils.AppInfoParser - Kafka commitId: 66563e712b0b9f84
2022-01-10 14:23:30.552 [main] INFO  org.apache.kafka.common.utils.AppInfoParser - Kafka startTimeMs: 1641795810550
2022-01-10 14:23:30.569 [main] INFO  com.bmts.heating.commons.mq.kafka.config.KafkaConsumerExecutorConfig - start asyncKafkaConsumerExecutor.........
2022-01-10 14:23:30.569 [main] INFO  org.springframework.scheduling.concurrent.ThreadPoolTaskExecutor - Initializing ExecutorService
2022-01-10 14:23:30.570 [main] INFO  org.springframework.scheduling.concurrent.ThreadPoolTaskExecutor - Initializing ExecutorService 'kafka-consumer'
2022-01-10 14:23:30.575 [main] INFO  com.bmts.heating.commons.mq.kafka.config.KafkaProduceExecutorConfig - start asyncKafkaProduceExecutor.........
2022-01-10 14:23:30.575 [main] INFO  org.springframework.scheduling.concurrent.ThreadPoolTaskExecutor - Initializing ExecutorService
2022-01-10 14:23:30.575 [main] INFO  org.springframework.scheduling.concurrent.ThreadPoolTaskExecutor - Initializing ExecutorService 'kafka-produce'
2022-01-10 14:23:30.579 [main] INFO  org.springframework.scheduling.concurrent.ThreadPoolTaskExecutor - Initializing ExecutorService
2022-01-10 14:23:30.579 [main] INFO  org.springframework.scheduling.concurrent.ThreadPoolTaskExecutor - Initializing ExecutorService 'async-token'
2022-01-10 14:23:31.754 [main] INFO  org.springframework.boot.autoconfigure.security.servlet.UserDetailsServiceAutoConfiguration - 

Using generated security password: 64783a47-9034-475a-abf9-f97bcdd30075

2022-01-10 14:23:31.829 [main] INFO  org.springframework.security.web.DefaultSecurityFilterChain - Creating filter chain: any request, [org.springframework.security.web.context.request.async.WebAsyncManagerIntegrationFilter@b4c89b6, org.springframework.security.web.context.SecurityContextPersistenceFilter@6046fba0, org.springframework.security.web.header.HeaderWriterFilter@956cf3d, org.springframework.security.web.authentication.logout.LogoutFilter@356ab368, org.springframework.security.web.savedrequest.RequestCacheAwareFilter@54cce500, org.springframework.security.web.servletapi.SecurityContextHolderAwareRequestFilter@3f1e18b1, org.springframework.security.web.authentication.AnonymousAuthenticationFilter@54f62ac6, org.springframework.security.web.session.SessionManagementFilter@4c678a1f, org.springframework.security.web.access.ExceptionTranslationFilter@6ce8bf64, org.springframework.security.web.access.intercept.FilterSecurityInterceptor@7945986a]
2022-01-10 14:23:31.867 [main] INFO  org.apache.coyote.http11.Http11NioProtocol - Starting ProtocolHandler ["http-nio-7171"]
2022-01-10 14:23:31.882 [main] INFO  org.springframework.boot.web.embedded.tomcat.TomcatWebServer - Tomcat started on port(s): 7171 (http) with context path ''
2022-01-10 14:23:31.883 [main] INFO  springfox.documentation.spring.web.plugins.DocumentationPluginsBootstrapper - Context refreshed
2022-01-10 14:23:31.902 [main] INFO  springfox.documentation.spring.web.plugins.DocumentationPluginsBootstrapper - Found 1 custom documentation plugin(s)
2022-01-10 14:23:31.902 [main] INFO  springfox.documentation.spring.web.plugins.DocumentationPluginsBootstrapper - Skipping initializing disabled plugin bean swagger v2.0
2022-01-10 14:23:31.902 [main] INFO  org.springframework.scheduling.quartz.SchedulerFactoryBean - Starting Quartz Scheduler now
2022-01-10 14:23:31.902 [main] INFO  org.quartz.core.QuartzScheduler - Scheduler DefaultQuartzScheduler_$_NON_CLUSTERED started.
2022-01-10 14:23:31.908 [main] INFO  com.bmts.heating.commons.container.performance.handler.LocalTokenCache - æ³¨å†Œè¿œç¨‹ä»¤ç‰Œçš„æœ¬åœ°ç¼“å­˜...............
2022-01-10 14:23:31.910 [main] INFO  com.bmts.heating.commons.container.performance.handler.LocalTokenCache - [1;34m æ³¨å†ŒæœåŠ¡:bussiness_baseInfomationæœ¬åœ°ä»¤ç‰Œç¼“å­˜............. [0m
2022-01-10 14:23:32.092 [main] INFO  com.bmts.heating.commons.container.performance.handler.LocalTokenCache - [1;34m æ³¨å†ŒæœåŠ¡:gather_searchæœ¬åœ°ä»¤ç‰Œç¼“å­˜............. [0m
2022-01-10 14:23:32.123 [main] INFO  com.bmts.heating.web.scada.app.ScadaApplication - Started ScadaApplication in 5.295 seconds (JVM running for 7.213)
2022-01-10 14:23:32.949 [nioEventLoopGroup-2-1] INFO  com.bmts.heating.commons.heartbeat.adapter.handler.HeartServer - [31;4m è¿æ¥æœåŠ¡æ²»ç†ä¸­å¿ƒæˆåŠŸ [0m
2022-01-10 14:23:32.995 [nioEventLoopGroup-2-1] INFO  com.bmts.heating.commons.heartbeat.adapter.handler.web.HeartBeatWebClientHandler - registry application server success!
2022-01-10 14:23:41.886 [http-nio-7171-exec-1] INFO  org.apache.catalina.core.ContainerBase.[Tomcat].[localhost].[/] - Initializing Spring DispatcherServlet 'dispatcherServlet'
2022-01-10 14:23:41.886 [http-nio-7171-exec-1] INFO  org.springframework.web.servlet.DispatcherServlet - Initializing Servlet 'dispatcherServlet'
2022-01-10 14:23:41.893 [http-nio-7171-exec-1] INFO  org.springframework.web.servlet.DispatcherServlet - Completed initialization in 7 ms
2022-01-10 14:29:23.589 [nioEventLoopGroup-2-1] WARN  com.bmts.heating.commons.container.performance.handler.LocalTokenCache - [1;36m æœ¬åœ°ç¼“å­˜ä»¤ç‰Œgather_search:gatherSearch5å¤±æ•ˆ,ç§»é™¤token.................... [0m
2022-01-10 14:29:23.590 [nioEventLoopGroup-2-1] WARN  com.bmts.heating.commons.container.performance.handler.LocalTokenCache - [1;36m æœ¬åœ°ç¼“å­˜ä»¤ç‰Œgather_search:gatherSearch5å¤±æ•ˆ,ç§»é™¤token.................... [0m
2022-01-10 14:29:23.590 [nioEventLoopGroup-2-1] WARN  com.bmts.heating.commons.container.performance.handler.LocalTokenCache - [1;36m æœ¬åœ°ç¼“å­˜ä»¤ç‰Œgather_search:gatherSearch5å¤±æ•ˆ,ç§»é™¤token.................... [0m
2022-01-10 14:29:23.590 [nioEventLoopGroup-2-1] WARN  com.bmts.heating.commons.container.performance.handler.LocalTokenCache - [1;36m æœ¬åœ°ç¼“å­˜ä»¤ç‰Œgather_search:gatherSearch5å¤±æ•ˆ,ç§»é™¤token.................... [0m
2022-01-10 14:29:23.590 [nioEventLoopGroup-2-1] WARN  com.bmts.heating.commons.container.performance.handler.LocalTokenCache - [1;36m æœ¬åœ°ç¼“å­˜ä»¤ç‰Œgather_search:gatherSearch5å¤±æ•ˆ,ç§»é™¤token.................... [0m
2022-01-10 14:29:23.590 [nioEventLoopGroup-2-1] WARN  com.bmts.heating.commons.container.performance.handler.LocalTokenCache - [1;36m æœ¬åœ°ç¼“å­˜ä»¤ç‰Œgather_search:gatherSearch5å¤±æ•ˆ,ç§»é™¤token.................... [0m
2022-01-10 14:29:23.590 [nioEventLoopGroup-2-1] WARN  com.bmts.heating.commons.container.performance.handler.LocalTokenCache - [1;36m æœ¬åœ°ç¼“å­˜ä»¤ç‰Œgather_search:gatherSearch5å¤±æ•ˆ,ç§»é™¤token.................... [0m
2022-01-10 14:29:23.590 [nioEventLoopGroup-2-1] WARN  com.bmts.heating.commons.container.performance.handler.LocalTokenCache - [1;36m æœ¬åœ°ç¼“å­˜ä»¤ç‰Œgather_search:gatherSearch5å¤±æ•ˆ,ç§»é™¤token.................... [0m
2022-01-10 14:29:23.590 [nioEventLoopGroup-2-1] WARN  com.bmts.heating.commons.container.performance.handler.LocalTokenCache - [1;36m æœ¬åœ°ç¼“å­˜ä»¤ç‰Œgather_search:gatherSearch5å¤±æ•ˆ,ç§»é™¤token.................... [0m
2022-01-10 14:29:23.590 [nioEventLoopGroup-2-1] WARN  com.bmts.heating.commons.container.performance.handler.LocalTokenCache - [1;36m æœ¬åœ°ç¼“å­˜ä»¤ç‰Œgather_search:gatherSearch5å¤±æ•ˆ,ç§»é™¤token.................... [0m
2022-01-10 14:29:23.590 [nioEventLoopGroup-2-1] WARN  com.bmts.heating.commons.container.performance.handler.LocalTokenCache - [1;36m æœ¬åœ°ç¼“å­˜ä»¤ç‰Œgather_search:gatherSearch5å¤±æ•ˆ,ç§»é™¤token.................... [0m
2022-01-10 14:29:23.590 [nioEventLoopGroup-2-1] WARN  com.bmts.heating.commons.container.performance.handler.LocalTokenCache - [1;36m æœ¬åœ°ç¼“å­˜ä»¤ç‰Œgather_search:gatherSearch5å¤±æ•ˆ,ç§»é™¤token.................... [0m
2022-01-10 14:29:23.590 [nioEventLoopGroup-2-1] WARN  com.bmts.heating.commons.container.performance.handler.LocalTokenCache - [1;36m æœ¬åœ°ç¼“å­˜ä»¤ç‰Œgather_search:gatherSearch5å¤±æ•ˆ,ç§»é™¤token.................... [0m
2022-01-10 14:29:23.590 [nioEventLoopGroup-2-1] WARN  com.bmts.heating.commons.container.performance.handler.LocalTokenCache - [1;36m æœ¬åœ°ç¼“å­˜ä»¤ç‰Œgather_search:gatherSearch5å¤±æ•ˆ,ç§»é™¤token.................... [0m
2022-01-10 14:29:23.590 [nioEventLoopGroup-2-1] WARN  com.bmts.heating.commons.container.performance.handler.LocalTokenCache - [1;36m æœ¬åœ°ç¼“å­˜ä»¤ç‰Œgather_search:gatherSearch5å¤±æ•ˆ,ç§»é™¤token.................... [0m
2022-01-10 14:29:23.590 [nioEventLoopGroup-2-1] WARN  com.bmts.heating.commons.container.performance.handler.LocalTokenCache - [1;36m æœ¬åœ°ç¼“å­˜ä»¤ç‰Œgather_search:gatherSearch5å¤±æ•ˆ,ç§»é™¤token.................... [0m
2022-01-10 14:29:23.590 [nioEventLoopGroup-2-1] WARN  com.bmts.heating.commons.container.performance.handler.LocalTokenCache - [1;36m æœ¬åœ°ç¼“å­˜ä»¤ç‰Œgather_search:gatherSearch5å¤±æ•ˆ,ç§»é™¤token.................... [0m
2022-01-10 14:29:23.590 [nioEventLoopGroup-2-1] WARN  com.bmts.heating.commons.container.performance.handler.LocalTokenCache - [1;36m æœ¬åœ°ç¼“å­˜ä»¤ç‰Œgather_search:gatherSearch5å¤±æ•ˆ,ç§»é™¤token.................... [0m
2022-01-10 14:29:23.590 [nioEventLoopGroup-2-1] WARN  com.bmts.heating.commons.container.performance.handler.LocalTokenCache - [1;36m æœ¬åœ°ç¼“å­˜ä»¤ç‰Œgather_search:gatherSearch5å¤±æ•ˆ,ç§»é™¤token.................... [0m
2022-01-10 14:29:23.591 [nioEventLoopGroup-2-1] WARN  com.bmts.heating.commons.container.performance.handler.LocalTokenCache - [1;36m æœ¬åœ°ç¼“å­˜ä»¤ç‰Œgather_search:gatherSearch5å¤±æ•ˆ,ç§»é™¤token.................... [0m
2022-01-10 14:29:23.591 [nioEventLoopGroup-2-1] WARN  com.bmts.heating.commons.container.performance.handler.LocalTokenCache - [1;36m æœ¬åœ°ç¼“å­˜ä»¤ç‰Œgather_search:gatherSearch5å¤±æ•ˆ,ç§»é™¤token.................... [0m
2022-01-10 14:29:23.591 [nioEventLoopGroup-2-1] WARN  com.bmts.heating.commons.container.performance.handler.LocalTokenCache - [1;36m æœ¬åœ°ç¼“å­˜ä»¤ç‰Œgather_search:gatherSearch5å¤±æ•ˆ,ç§»é™¤token.................... [0m
2022-01-10 14:29:23.591 [nioEventLoopGroup-2-1] WARN  com.bmts.heating.commons.container.performance.handler.LocalTokenCache - [1;36m æœ¬åœ°ç¼“å­˜ä»¤ç‰Œgather_search:gatherSearch5å¤±æ•ˆ,ç§»é™¤token.................... [0m
2022-01-10 14:29:23.591 [nioEventLoopGroup-2-1] WARN  com.bmts.heating.commons.container.performance.handler.LocalTokenCache - [1;36m æœ¬åœ°ç¼“å­˜ä»¤ç‰Œgather_search:gatherSearch5å¤±æ•ˆ,ç§»é™¤token.................... [0m
2022-01-10 14:29:23.591 [nioEventLoopGroup-2-1] WARN  com.bmts.heating.commons.container.performance.handler.LocalTokenCache - [1;36m æœ¬åœ°ç¼“å­˜ä»¤ç‰Œgather_search:gatherSearch5å¤±æ•ˆ,ç§»é™¤token.................... [0m
2022-01-10 14:29:23.591 [nioEventLoopGroup-2-1] WARN  com.bmts.heating.commons.container.performance.handler.LocalTokenCache - [1;36m æœ¬åœ°ç¼“å­˜ä»¤ç‰Œgather_search:gatherSearch5å¤±æ•ˆ,ç§»é™¤token.................... [0m
2022-01-10 14:29:23.591 [nioEventLoopGroup-2-1] WARN  com.bmts.heating.commons.container.performance.handler.LocalTokenCache - [1;36m æœ¬åœ°ç¼“å­˜ä»¤ç‰Œgather_search:gatherSearch5å¤±æ•ˆ,ç§»é™¤token.................... [0m
2022-01-10 14:29:23.591 [nioEventLoopGroup-2-1] WARN  com.bmts.heating.commons.container.performance.handler.LocalTokenCache - [1;36m æœ¬åœ°ç¼“å­˜ä»¤ç‰Œgather_search:gatherSearch5å¤±æ•ˆ,ç§»é™¤token.................... [0m
2022-01-10 14:29:23.591 [nioEventLoopGroup-2-1] WARN  com.bmts.heating.commons.container.performance.handler.LocalTokenCache - [1;36m æœ¬åœ°ç¼“å­˜ä»¤ç‰Œgather_search:gatherSearch5å¤±æ•ˆ,ç§»é™¤token.................... [0m
2022-01-10 14:29:23.591 [nioEventLoopGroup-2-1] WARN  com.bmts.heating.commons.container.performance.handler.LocalTokenCache - [1;36m æœ¬åœ°ç¼“å­˜ä»¤ç‰Œgather_search:gatherSearch5å¤±æ•ˆ,ç§»é™¤token.................... [0m
2022-01-10 14:29:23.591 [nioEventLoopGroup-2-1] WARN  com.bmts.heating.commons.container.performance.handler.LocalTokenCache - [1;36m æœ¬åœ°ç¼“å­˜ä»¤ç‰Œgather_search:gatherSearch5å¤±æ•ˆ,ç§»é™¤token.................... [0m
2022-01-10 14:29:23.591 [nioEventLoopGroup-2-1] WARN  com.bmts.heating.commons.container.performance.handler.LocalTokenCache - [1;36m æœ¬åœ°ç¼“å­˜ä»¤ç‰Œgather_search:gatherSearch5å¤±æ•ˆ,ç§»é™¤token.................... [0m
2022-01-10 14:29:23.591 [nioEventLoopGroup-2-1] WARN  com.bmts.heating.commons.container.performance.handler.LocalTokenCache - [1;36m æœ¬åœ°ç¼“å­˜ä»¤ç‰Œgather_search:gatherSearch5å¤±æ•ˆ,ç§»é™¤token.................... [0m
2022-01-10 14:29:23.591 [nioEventLoopGroup-2-1] WARN  com.bmts.heating.commons.container.performance.handler.LocalTokenCache - [1;36m æœ¬åœ°ç¼“å­˜ä»¤ç‰Œgather_search:gatherSearch5å¤±æ•ˆ,ç§»é™¤token.................... [0m
2022-01-10 14:29:23.591 [nioEventLoopGroup-2-1] WARN  com.bmts.heating.commons.container.performance.handler.LocalTokenCache - [1;36m æœ¬åœ°ç¼“å­˜ä»¤ç‰Œgather_search:gatherSearch5å¤±æ•ˆ,ç§»é™¤token.................... [0m
2022-01-10 14:29:23.591 [nioEventLoopGroup-2-1] WARN  com.bmts.heating.commons.container.performance.handler.LocalTokenCache - [1;36m æœ¬åœ°ç¼“å­˜ä»¤ç‰Œgather_search:gatherSearch5å¤±æ•ˆ,ç§»é™¤token.................... [0m
2022-01-10 14:29:23.591 [nioEventLoopGroup-2-1] WARN  com.bmts.heating.commons.container.performance.handler.LocalTokenCache - [1;36m æœ¬åœ°ç¼“å­˜ä»¤ç‰Œgather_search:gatherSearch5å¤±æ•ˆ,ç§»é™¤token.................... [0m
2022-01-10 14:29:23.591 [nioEventLoopGroup-2-1] WARN  com.bmts.heating.commons.container.performance.handler.LocalTokenCache - [1;36m æœ¬åœ°ç¼“å­˜ä»¤ç‰Œgather_search:gatherSearch5å¤±æ•ˆ,ç§»é™¤token.................... [0m
2022-01-10 14:29:23.591 [nioEventLoopGroup-2-1] WARN  com.bmts.heating.commons.container.performance.handler.LocalTokenCache - [1;36m æœ¬åœ°ç¼“å­˜ä»¤ç‰Œgather_search:gatherSearch5å¤±æ•ˆ,ç§»é™¤token.................... [0m
2022-01-10 14:29:23.591 [nioEventLoopGroup-2-1] WARN  com.bmts.heating.commons.container.performance.handler.LocalTokenCache - [1;36m æœ¬åœ°ç¼“å­˜ä»¤ç‰Œgather_search:gatherSearch5å¤±æ•ˆ,ç§»é™¤token.................... [0m
2022-01-10 14:29:23.591 [nioEventLoopGroup-2-1] WARN  com.bmts.heating.commons.container.performance.handler.LocalTokenCache - [1;36m æœ¬åœ°ç¼“å­˜ä»¤ç‰Œgather_search:gatherSearch5å¤±æ•ˆ,ç§»é™¤token.................... [0m
2022-01-10 14:29:23.592 [nioEventLoopGroup-2-1] WARN  com.bmts.heating.commons.container.performance.handler.LocalTokenCache - [1;36m æœ¬åœ°ç¼“å­˜ä»¤ç‰Œgather_search:gatherSearch5å¤±æ•ˆ,ç§»é™¤token.................... [0m
2022-01-10 14:29:23.592 [nioEventLoopGroup-2-1] WARN  com.bmts.heating.commons.container.performance.handler.LocalTokenCache - [1;36m æœ¬åœ°ç¼“å­˜ä»¤ç‰Œgather_search:gatherSearch5å¤±æ•ˆ,ç§»é™¤token.................... [0m
2022-01-10 14:29:23.592 [nioEventLoopGroup-2-1] WARN  com.bmts.heating.commons.container.performance.handler.LocalTokenCache - [1;36m æœ¬åœ°ç¼“å­˜ä»¤ç‰Œgather_search:gatherSearch5å¤±æ•ˆ,ç§»é™¤token.................... [0m
2022-01-10 14:29:23.592 [nioEventLoopGroup-2-1] WARN  com.bmts.heating.commons.container.performance.handler.LocalTokenCache - [1;36m æœ¬åœ°ç¼“å­˜ä»¤ç‰Œgather_search:gatherSearch5å¤±æ•ˆ,ç§»é™¤token.................... [0m
2022-01-10 14:29:23.592 [nioEventLoopGroup-2-1] WARN  com.bmts.heating.commons.container.performance.handler.LocalTokenCache - [1;36m æœ¬åœ°ç¼“å­˜ä»¤ç‰Œgather_search:gatherSearch5å¤±æ•ˆ,ç§»é™¤token.................... [0m
2022-01-10 14:29:23.592 [nioEventLoopGroup-2-1] WARN  com.bmts.heating.commons.container.performance.handler.LocalTokenCache - [1;36m æœ¬åœ°ç¼“å­˜ä»¤ç‰Œgather_search:gatherSearch5å¤±æ•ˆ,ç§»é™¤token.................... [0m
2022-01-10 14:29:23.592 [nioEventLoopGroup-2-1] WARN  com.bmts.heating.commons.container.performance.handler.LocalTokenCache - [1;36m æœ¬åœ°ç¼“å­˜ä»¤ç‰Œgather_search:gatherSearch5å¤±æ•ˆ,ç§»é™¤token.................... [0m
2022-01-10 14:29:23.592 [nioEventLoopGroup-2-1] WARN  com.bmts.heating.commons.container.performance.handler.LocalTokenCache - [1;36m æœ¬åœ°ç¼“å­˜ä»¤ç‰Œgather_search:gatherSearch5å¤±æ•ˆ,ç§»é™¤token.................... [0m
2022-01-10 14:29:23.592 [nioEventLoopGroup-2-1] WARN  com.bmts.heating.commons.container.performance.handler.LocalTokenCache - [1;36m æœ¬åœ°ç¼“å­˜ä»¤ç‰Œgather_search:gatherSearch5å¤±æ•ˆ,ç§»é™¤token.................... [0m
2022-01-10 16:56:11.910 [SpringContextShutdownHook] INFO  org.quartz.core.QuartzScheduler - Scheduler DefaultQuartzScheduler_$_NON_CLUSTERED paused.
2022-01-10 16:56:12.446 [SpringContextShutdownHook] INFO  org.springframework.scheduling.concurrent.ThreadPoolTaskExecutor - Shutting down ExecutorService 'async-token'
2022-01-10 16:56:12.447 [SpringContextShutdownHook] INFO  org.springframework.scheduling.concurrent.ThreadPoolTaskExecutor - Shutting down ExecutorService 'kafka-produce'
2022-01-10 16:56:12.447 [SpringContextShutdownHook] INFO  org.springframework.scheduling.concurrent.ThreadPoolTaskExecutor - Shutting down ExecutorService 'kafka-consumer'
2022-01-10 16:56:12.449 [SpringContextShutdownHook] INFO  org.springframework.scheduling.quartz.SchedulerFactoryBean - Shutting down Quartz Scheduler
2022-01-10 16:56:12.450 [SpringContextShutdownHook] INFO  org.quartz.core.QuartzScheduler - Scheduler DefaultQuartzScheduler_$_NON_CLUSTERED shutting down.
2022-01-10 16:56:12.450 [SpringContextShutdownHook] INFO  org.quartz.core.QuartzScheduler - Scheduler DefaultQuartzScheduler_$_NON_CLUSTERED paused.
2022-01-10 16:56:12.450 [SpringContextShutdownHook] INFO  org.quartz.core.QuartzScheduler - Scheduler DefaultQuartzScheduler_$_NON_CLUSTERED shutdown complete.
